[2026-05-18T10:10:48.155Z] ✅ Gmail SMTP transporter initialized for: pratikpawar0603@gmail.com
[2026-05-18T10:10:48.164Z] 📤 Sending email → gpatil@gmail.com | Subject: "Welcome to FarmLink, Ganesh Patil! 🌱"
[2026-05-18T10:10:58.483Z] ✅ Email sent successfully: <049ffcde-64d6-8e62-d612-748a087a5957@gmail.com>
[2026-05-20T15:07:07.859Z] ✅ Gmail SMTP transporter initialized for: pratikpawar0603@gmail.com
[2026-05-20T15:07:07.862Z] 📤 Sending email → gpatil@gmail.com | Subject: "New Login Alert - FarmLink 🔐"
[2026-05-20T15:07:31.250Z] ✅ Email sent successfully: <2be22300-693f-528d-87f2-f8b5072aa473@gmail.com>
[2026-05-20T19:23:22.755Z] ✅ Gmail SMTP transporter initialized for: pratikpawar0603@gmail.com
[2026-05-20T19:23:22.763Z] 📤 Sending email → ganeshp121103@gmail.com | Subject: "New Login Alert - FarmLink 🔐"
[2026-05-20T19:23:26.593Z] ✅ Email sent successfully: <1a019325-fdfb-004d-8278-1d38716b4f4e@gmail.com>
[2026-05-20T19:24:13.394Z] 📤 Sending email → ganeshp@gmail.com | Subject: "Welcome to FarmLink, Ganesh p! 🌱"
[2026-05-20T19:24:17.364Z] ✅ Email sent successfully: <3a7a5490-98a2-1b80-b52d-527b71e4dca5@gmail.com>
[2026-05-20T19:26:44.247Z] 📤 Sending email → amey127.0.0.1@gmail.com | Subject: "🌱 New in Fruits — FarmLink"
[2026-05-20T19:26:47.647Z] ✅ Email sent successfully: <5832e0a1-58a1-aaf6-759c-d36cb4d7809a@gmail.com>
[2026-05-20T19:26:47.655Z] 📤 Sending email → ameygawade11@gmail.com | Subject: "🌱 New in Fruits — FarmLink"
[2026-05-20T19:26:49.423Z] ✅ Email sent successfully: <023bfa7e-10af-f3be-b370-76fd16f440f2@gmail.com>
[2026-05-20T19:26:49.428Z] 📤 Sending email → shreyawankhede873@gmail.com | Subject: "🌱 New in Fruits — FarmLink"
[2026-05-20T19:26:51.339Z] ✅ Email sent successfully: <71241d38-90c9-e89e-db4d-fad171e8c043@gmail.com>
[2026-05-20T19:26:51.344Z] 📤 Sending email → pratikpawar06032005@gmail.com | Subject: "🌱 New in Fruits — FarmLink"
[2026-05-20T19:26:53.162Z] ✅ Email sent successfully: <12ec3780-35e7-f2ff-4a11-1e0845a6374a@gmail.com>
[2026-05-20T19:26:53.166Z] 📤 Sending email → pratikpawar0603@gmail.com | Subject: "🌱 New in Fruits — FarmLink"
[2026-05-20T19:26:54.992Z] ✅ Email sent successfully: <3a0f8466-60e5-f3de-ed6e-187c8e573e33@gmail.com>
[2026-05-20T19:27:22.469Z] 📤 Sending email → gpatil@gmail.com | Subject: "New Login Alert - FarmLink 🔐"
[2026-05-20T19:27:32.114Z] ✅ Email sent successfully: <0dd7f3f7-0d7b-2e9e-a306-c4a072416e51@gmail.com>
[2026-05-20T19:40:27.598Z] 📤 Sending email → ganeshp@gmail.com | Subject: "New Login Alert - FarmLink 🔐"
[2026-05-20T19:40:31.463Z] ✅ Email sent successfully: <e3ac28da-7f4d-c431-544f-80d44ec1df90@gmail.com>
[2026-05-20T19:53:07.830Z] ✅ Gmail SMTP transporter initialized for: pratikpawar0603@gmail.com
[2026-05-20T19:53:07.832Z] 📤 Sending email → amey127.0.0.1@gmail.com | Subject: "🌱 New in Fruits — FarmLink"
[2026-05-20T19:53:11.375Z] ✅ Email sent successfully: <62e4613f-bce7-bed7-249b-4bbe3c30a887@gmail.com>
[2026-05-20T19:53:11.385Z] 📤 Sending email → ameygawade11@gmail.com | Subject: "🌱 New in Fruits — FarmLink"
[2026-05-20T19:53:13.013Z] ✅ Email sent successfully: <885bb0f4-6ea7-dd52-2678-60b9f40d8275@gmail.com>
[2026-05-20T19:53:13.019Z] 📤 Sending email → shreyawankhede873@gmail.com | Subject: "🌱 New in Fruits — FarmLink"
[2026-05-20T19:53:15.299Z] ✅ Email sent successfully: <2c434ace-f974-b8d3-4df3-a5f55ccbe313@gmail.com>
[2026-05-20T19:53:15.303Z] 📤 Sending email → pratikpawar06032005@gmail.com | Subject: "🌱 New in Fruits — FarmLink"
[2026-05-20T19:53:17.099Z] ✅ Email sent successfully: <f139f674-13fe-9b9e-7d7a-f5fe472ecd22@gmail.com>
[2026-05-20T19:53:17.104Z] 📤 Sending email → pratikpawar0603@gmail.com | Subject: "🌱 New in Fruits — FarmLink"
[2026-05-20T19:53:19.056Z] ✅ Email sent successfully: <780831db-519a-0fb3-e011-312b39a833d0@gmail.com>
[2026-05-20T20:01:06.659Z] ✅ Gmail SMTP transporter initialized for: pratikpawar0603@gmail.com
[2026-05-20T20:01:06.664Z] 📤 Sending email → ganeshp@gmail.com | Subject: "⚠️ Your Product Was Removed — FarmLink"
[2026-05-20T20:01:10.180Z] ✅ Email sent successfully: <5e8b4831-d14f-43a1-bb09-8c7dbefcf357@gmail.com>
[2026-05-20T20:06:01.248Z] 📤 Sending email → ganeshp@gmail.com | Subject: "New Login Alert - FarmLink 🔐"
[2026-05-20T20:06:05.216Z] ✅ Email sent successfully: <67bc2445-be78-0412-9175-9b7af22f3b39@gmail.com>
