[2026-04-27T06:17:23.066Z] ⚠️ Gmail SMTP disabled: GMAIL_USER or GMAIL_APP_PASS missing in .env.
[2026-04-27T06:17:23.073Z] 📧 [MOCK EMAIL] No transporter. To: ganeshpa@gmail.com | Subject: Test Logs
[2026-04-27T06:20:22.683Z] ✅ Gmail SMTP transporter initialized for: pratikpawar0603@gmail.com
[2026-04-27T06:20:22.689Z] 📤 Sending email → testuser_email123@example.com | Subject: "Welcome to FarmLink, Test User! 🌱"
[2026-04-27T06:20:25.560Z] ✅ Email sent successfully: <2423d42e-b258-d57c-831e-ea077f43add4@gmail.com>
[2026-04-27T06:24:56.633Z] 📤 Sending email → testuser_email123@example.com | Subject: "New Login Alert - FarmLink 🔐"
[2026-04-27T06:25:09.851Z] ✅ Email sent successfully: <d1e7e072-45bd-67d0-8589-74393100c9e8@gmail.com>
[2026-04-27T08:14:13.583Z] ✅ Gmail SMTP transporter initialized for: pratikpawar0603@gmail.com
[2026-04-27T08:14:13.598Z] 📤 Sending email → ganeshp121103@gmail.com | Subject: "New Login Alert - FarmLink 🔐"
[2026-04-27T08:14:17.189Z] ✅ Email sent successfully: <90c5ee6b-5097-6003-471f-f4f92c24eca8@gmail.com>
[2026-05-05T04:59:03.709Z] ✅ Gmail SMTP transporter initialized for: pratikpawar0603@gmail.com
[2026-05-05T04:59:03.724Z] 📤 Sending email → pratikpawar0603@gmail.com | Subject: "Welcome to FarmLink, Pratik Pawar! 🌱"
[2026-05-05T04:59:06.403Z] ✅ Email sent successfully: <43d5cf88-aa3c-609c-4912-a7fddef349b7@gmail.com>
[2026-05-05T04:59:53.637Z] 📤 Sending email → ganeshp121103@gmail.com | Subject: "Welcome to FarmLink, Ganesh Patil! 🌱"
[2026-05-05T04:59:55.953Z] ✅ Email sent successfully: <48374537-3898-f239-217d-69e12bc951bd@gmail.com>
[2026-05-05T05:02:43.746Z] 📤 Sending email → shreyawankhede873@gmail.com | Subject: "Welcome to FarmLink, Shreya Wankhede! 🌱"
[2026-05-05T05:02:46.557Z] ✅ Email sent successfully: <85e66cb9-7661-b130-11f5-1cc2af50bb33@gmail.com>
[2026-05-05T05:07:57.251Z] 📤 Sending email → ganeshp121103@gmail.com | Subject: "New Login Alert - FarmLink 🔐"
[2026-05-05T05:08:10.324Z] ✅ Email sent successfully: <a515d114-4396-ba1f-6f25-50826e615628@gmail.com>
[2026-05-05T05:10:06.230Z] 📤 Sending email → shreyawankhede873@gmail.com | Subject: "New Login Alert - FarmLink 🔐"
[2026-05-05T05:10:09.664Z] ✅ Email sent successfully: <8e50d9b8-257b-a271-a331-1673a9ddffd0@gmail.com>
[2026-05-05T05:10:48.266Z] 📤 Sending email → ganeshp121103@gmail.com | Subject: "New Login Alert - FarmLink 🔐"
[2026-05-05T05:10:50.932Z] ✅ Email sent successfully: <2f8db340-6855-a3ec-1737-af3ac80097e5@gmail.com>
[2026-05-05T10:39:51.710Z] ✅ Gmail SMTP transporter initialized for: pratikpawar0603@gmail.com
[2026-05-05T10:39:51.715Z] 📤 Sending email → ganeshp121103@gmail.com | Subject: "New Login Alert - FarmLink 🔐"
[2026-05-05T10:40:12.638Z] ✅ Email sent successfully: <783cecae-e1c4-345b-1fa0-e5a60e0a481d@gmail.com>
[2026-05-05T11:32:46.070Z] ✅ Gmail SMTP transporter initialized for: pratikpawar0603@gmail.com
[2026-05-05T11:32:46.104Z] 📤 Sending email → pratikpawar0603@gmail.com | Subject: "New Login Alert - FarmLink 🔐"
[2026-05-05T11:32:49.650Z] ✅ Email sent successfully: <b10a4bfb-f3fc-e350-deea-838006363455@gmail.com>
[2026-05-05T11:34:35.869Z] 📤 Sending email → ganeshp121103@gmail.com | Subject: "New Login Alert - FarmLink 🔐"
[2026-05-05T11:34:38.462Z] ✅ Email sent successfully: <21414338-41e6-7a08-e4f2-caaf06134fb7@gmail.com>
[2026-05-05T11:36:49.464Z] 📤 Sending email → shreyawankhede873@gmail.com | Subject: "New Login Alert - FarmLink 🔐"
[2026-05-05T11:36:52.191Z] ✅ Email sent successfully: <819ff588-2cbb-c8ad-e5f4-cc7fb4312183@gmail.com>
